%このファイルは日本語文字を含みます.
\BOOKMARK [1][-]{section.1}{\376\377\0001\000\040\211\201\175\004}{}% 1
\BOOKMARK [1][-]{section.2}{\376\377\0002\000\040\200\314\146\157\123\312\060\163\166\356\166\204}{}% 2
\BOOKMARK [2][-]{subsection.2.1}{\376\377\0002\000.\0001\000\040\060\332\060\303\060\310\060\153\060\210\060\213\166\122\060\204\060\127}{section.2}% 3
\BOOKMARK [2][-]{subsection.2.2}{\376\377\0002\000.\0002\000\040\141\033\163\251\165\050\060\355\060\334\060\303\060\310}{section.2}% 4
\BOOKMARK [2][-]{subsection.2.3}{\376\377\0002\000.\0003\000\040\060\154\060\104\060\120\060\213\060\177\060\156\162\171\137\264}{section.2}% 5
\BOOKMARK [1][-]{section.3}{\376\377\0003\000\040\060\327\060\355\060\270\060\247\060\257\060\310\151\202\211\201}{}% 6
\BOOKMARK [1][-]{section.4}{\376\377\0004\000\040\225\213\166\172\121\205\133\271}{}% 7
\BOOKMARK [2][-]{subsection.4.1}{\376\377\0004\000.\0001\000\040\232\250\150\074\000M\000o\000h\000u\000C\000o\000r\000e\060\156\225\213\166\172}{section.4}% 8
\BOOKMARK [2][-]{subsection.4.2}{\376\377\0004\000.\0002\000\040\153\333\166\256\000M\000o\000h\000u\000K\000a\000w\000a\060\156\225\213\166\172}{section.4}% 9
\BOOKMARK [2][-]{subsection.4.3}{\376\377\0004\000.\0003\000\040\167\345\200\375\000M\000o\000h\000u\000A\000I\060\156\225\213\166\172}{section.4}% 10
\BOOKMARK [2][-]{subsection.4.4}{\376\377\0004\000.\0004\000\040\060\154\060\104\060\120\060\213\060\177\060\355\060\334\060\303\060\310\060\156\133\214\142\020}{section.4}% 11
\BOOKMARK [2][-]{subsection.4.5}{\376\377\0004\000.\0005\000\040\060\346\060\374\060\266\212\125\117\241}{section.4}% 12
\BOOKMARK [1][-]{section.5}{\376\377\0005\000\040\225\213\166\172\142\020\147\234\060\156\162\171\137\264}{}% 13
\BOOKMARK [1][-]{section.6}{\376\377\0006\000\040\116\312\137\214\060\156\212\262\230\114\060\001\134\125\147\033}{}% 14
\BOOKMARK [1][-]{section.7}{\376\377\0007\000\040\133\237\145\275\212\010\165\073\146\370\121\205\133\271\060\150\060\156\166\370\220\125\160\271}{}% 15
\BOOKMARK [1][-]{section.8}{\376\377\0008\000\040\142\020\225\167\060\156\201\352\135\361\122\006\147\220}{}% 16
\BOOKMARK [1][-]{section.9}{\376\377\0009\000\040\171\330\123\077\060\316\060\246\060\317\060\246\060\156\143\007\133\232}{}% 17
\BOOKMARK [1][-]{section.10}{\376\377\0001\0000\000\040\060\135\060\156\116\326}{}% 18
\BOOKMARK [1][-]{section.11}{\376\377\0001\0001\000\040\116\330\223\062}{}% 19
\BOOKMARK [2][-]{subsection.11.1}{\376\377\0001\0001\000.\0001\000\040\165\050\212\236\212\254\146\016}{section.11}% 20
\BOOKMARK [2][-]{subsection.11.2}{\376\377\0001\0001\000.\0002\000\040\225\242\220\043\000W\000e\000b\060\265\060\244\060\310}{section.11}% 21
